<?xml version="1.0" encoding="UTF-8"?>
<!-- Generated by org.testng.reporters.JUnitReportReporter -->
<testsuite hostname="Saket-PC" failures="0" tests="2" name="com.Test.Verify_LoginTest" time="15.337" errors="0" timestamp="2024-08-26T18:12:47 IST" skipped="0">
  <testcase classname="com.Test.Verify_LoginTest" name="verify_loginwithValidCredentials" time="8.517"/>
  <system-out/>
  <testcase classname="com.Test.Verify_LoginTest" name="verify_loginwithValidCredentials" time="6.820"/>
  <system-out/>
</testsuite> <!-- com.Test.Verify_LoginTest -->
