<?xml version="1.0" encoding="UTF-8"?>
<!-- Generated by org.testng.reporters.JUnitReportReporter -->
<testsuite hostname="VivoBook" failures="0" tests="1" name="com.Test.VerifyAdmin_Login" time="20.635" errors="0" timestamp="2024-08-27T00:13:17 IST" skipped="0">
  <testcase classname="com.Test.VerifyAdmin_Login" name="ValidateAdmin_LoginWithValidCredentials" time="20.635"/>
  <system-out/>
</testsuite> <!-- com.Test.VerifyAdmin_Login -->
