<?xml version="1.0" encoding="UTF-8"?>
<!-- Generated by org.testng.reporters.JUnitReportReporter -->
<testsuite hostname="VivoBook" failures="0" tests="2" name="com.Test.Verify_LoginTest" time="27.065" errors="0" timestamp="2024-08-24T17:17:57 IST" skipped="0">
  <testcase classname="com.Test.Verify_LoginTest" name="verify_loginwithValidCredentials" time="23.287"/>
  <system-out/>
  <testcase classname="com.Test.Verify_LoginTest" name="verify_loginwithValidCredentials" time="3.778"/>
  <system-out/>
</testsuite> <!-- com.Test.Verify_LoginTest -->
