<?xml version="1.0" encoding="UTF-8"?>
<!-- Generated by org.testng.reporters.JUnitReportReporter -->
<testsuite hostname="VivoBook" failures="0" tests="2" name="com.Test.Verify_LoginTest" time="21.083" errors="0" timestamp="2024-08-19T21:42:59 IST" skipped="0">
  <testcase classname="com.Test.Verify_LoginTest" name="verify_loginwithValidCredentials" time="7.386"/>
  <system-out/>
  <testcase classname="com.Test.Verify_LoginTest" name="verify_loginwithValidCredentials" time="13.697"/>
  <system-out/>
</testsuite> <!-- com.Test.Verify_LoginTest -->
